app/build/intermediates/manifest_merge_blame_file/debug/manifest-merger-blame-debug-report.txt
1<?xml version="1.0" encoding="utf-8"?>
2<manifest xmlns:android="http://schemas.android.com/apk/res/android"
3    package="com.example.snailpasswordmanager"
4    android:versionCode="1"
5    android:versionName="1.0" >
6
7    <uses-sdk
8        android:minSdkVersion="21"
8-->src/main/AndroidManifest.xml
9        android:targetSdkVersion="32" />
9-->src/main/AndroidManifest.xml
10
11    <uses-permission android:name="android.permission.INTERNET" />
11-->src/main/AndroidManifest.xml:5:5-67
11-->src/main/AndroidManifest.xml:5:22-64
12    <uses-permission android:name="android.permission.ACCESS_NETWORK_STATE" />
12-->src/main/AndroidManifest.xml:6:5-79
12-->src/main/AndroidManifest.xml:6:22-76
13
14    <application
14-->src/main/AndroidManifest.xml:8:5-45:19
15        android:name="com.example.snailpasswordmanager.PasswordApp"
15-->src/main/AndroidManifest.xml:11:9-36
16        android:allowBackup="true"
16-->src/main/AndroidManifest.xml:12:9-35
17        android:appComponentFactory="androidx.core.app.CoreComponentFactory"
17-->[androidx.core:core:1.8.0] AndroidManifest.xml:24:18-86
18        android:dataExtractionRules="@xml/data_extraction_rules"
18-->src/main/AndroidManifest.xml:13:9-65
19        android:debuggable="true"
20        android:fullBackupContent="@xml/backup_rules"
20-->src/main/AndroidManifest.xml:14:9-54
21        android:icon="@drawable/logo"
21-->src/main/AndroidManifest.xml:15:9-38
22        android:label="@string/app_name"
22-->src/main/AndroidManifest.xml:16:9-41
23        android:roundIcon="@drawable/logo"
23-->src/main/AndroidManifest.xml:17:9-43
24        android:supportsRtl="true"
24-->src/main/AndroidManifest.xml:18:9-35
25        android:testOnly="true"
26        android:theme="@style/Theme.SnailPasswordManager"
26-->src/main/AndroidManifest.xml:19:9-58
27        android:usesCleartextTraffic="true" >
27-->src/main/AndroidManifest.xml:9:9-44
28        <activity
28-->src/main/AndroidManifest.xml:22:9-26:57
29            android:name="com.example.snailpasswordmanager.presentation.passworditem.PasswordItemActivity"
29-->src/main/AndroidManifest.xml:23:13-75
30            android:exported="false"
30-->src/main/AndroidManifest.xml:24:13-37
31            android:windowSoftInputMode="adjustResize" />
31-->src/main/AndroidManifest.xml:26:13-55
32        <activity
32-->src/main/AndroidManifest.xml:27:9-30:49
33            android:name="com.example.snailpasswordmanager.presentation.mainscreen.MainListActivity"
33-->src/main/AndroidManifest.xml:28:13-69
34            android:exported="false"
34-->src/main/AndroidManifest.xml:29:13-37
35            android:label="Main Content List" />
35-->src/main/AndroidManifest.xml:30:13-46
36        <activity
36-->src/main/AndroidManifest.xml:31:9-33:58
37            android:name="com.example.snailpasswordmanager.presentation.registration.RegistrationActivity"
37-->src/main/AndroidManifest.xml:32:13-75
38            android:windowSoftInputMode="adjustResize" />
38-->src/main/AndroidManifest.xml:33:13-55
39        <activity
39-->src/main/AndroidManifest.xml:34:9-43:20
40            android:name="com.example.snailpasswordmanager.presentation.login.LoginActivity"
40-->src/main/AndroidManifest.xml:35:13-61
41            android:exported="true"
41-->src/main/AndroidManifest.xml:36:13-36
42            android:windowSoftInputMode="adjustResize" >
42-->src/main/AndroidManifest.xml:37:13-55
43            <intent-filter>
43-->src/main/AndroidManifest.xml:38:13-42:29
44                <action android:name="android.intent.action.MAIN" />
44-->src/main/AndroidManifest.xml:39:17-69
44-->src/main/AndroidManifest.xml:39:25-66
45
46                <category android:name="android.intent.category.LAUNCHER" />
46-->src/main/AndroidManifest.xml:41:17-77
46-->src/main/AndroidManifest.xml:41:27-74
47            </intent-filter>
48        </activity>
49
50        <uses-library
50-->[androidx.window:window:1.0.0] AndroidManifest.xml:25:9-27:40
51            android:name="androidx.window.extensions"
51-->[androidx.window:window:1.0.0] AndroidManifest.xml:26:13-54
52            android:required="false" />
52-->[androidx.window:window:1.0.0] AndroidManifest.xml:27:13-37
53        <uses-library
53-->[androidx.window:window:1.0.0] AndroidManifest.xml:28:9-30:40
54            android:name="androidx.window.sidecar"
54-->[androidx.window:window:1.0.0] AndroidManifest.xml:29:13-51
55            android:required="false" />
55-->[androidx.window:window:1.0.0] AndroidManifest.xml:30:13-37
56
57        <provider
57-->[com.squareup.picasso:picasso:2.71828] AndroidManifest.xml:8:9-11:40
58            android:name="com.squareup.picasso.PicassoProvider"
58-->[com.squareup.picasso:picasso:2.71828] AndroidManifest.xml:9:13-64
59            android:authorities="com.example.snailpasswordmanager.com.squareup.picasso"
59-->[com.squareup.picasso:picasso:2.71828] AndroidManifest.xml:10:13-72
60            android:exported="false" />
60-->[com.squareup.picasso:picasso:2.71828] AndroidManifest.xml:11:13-37
61
62        <service
62-->[androidx.room:room-runtime:2.4.3] AndroidManifest.xml:25:9-28:40
63            android:name="androidx.room.MultiInstanceInvalidationService"
63-->[androidx.room:room-runtime:2.4.3] AndroidManifest.xml:26:13-74
64            android:directBootAware="true"
64-->[androidx.room:room-runtime:2.4.3] AndroidManifest.xml:27:13-43
65            android:exported="false" />
65-->[androidx.room:room-runtime:2.4.3] AndroidManifest.xml:28:13-37
66
67        <provider
67-->[androidx.emoji2:emoji2:1.2.0] AndroidManifest.xml:24:9-32:20
68            android:name="androidx.startup.InitializationProvider"
68-->[androidx.emoji2:emoji2:1.2.0] AndroidManifest.xml:25:13-67
69            android:authorities="com.example.snailpasswordmanager.androidx-startup"
69-->[androidx.emoji2:emoji2:1.2.0] AndroidManifest.xml:26:13-68
70            android:exported="false" >
70-->[androidx.emoji2:emoji2:1.2.0] AndroidManifest.xml:27:13-37
71            <meta-data
71-->[androidx.emoji2:emoji2:1.2.0] AndroidManifest.xml:29:13-31:52
72                android:name="androidx.emoji2.text.EmojiCompatInitializer"
72-->[androidx.emoji2:emoji2:1.2.0] AndroidManifest.xml:30:17-75
73                android:value="androidx.startup" />
73-->[androidx.emoji2:emoji2:1.2.0] AndroidManifest.xml:31:17-49
74            <meta-data
74-->[androidx.lifecycle:lifecycle-process:2.4.1] AndroidManifest.xml:31:13-33:52
75                android:name="androidx.lifecycle.ProcessLifecycleInitializer"
75-->[androidx.lifecycle:lifecycle-process:2.4.1] AndroidManifest.xml:32:17-78
76                android:value="androidx.startup" />
76-->[androidx.lifecycle:lifecycle-process:2.4.1] AndroidManifest.xml:33:17-49
77        </provider>
78    </application>
79
80</manifest>